TN:
SF:src\calculator\calculator.ts
FN:3,Calculator
FN:7,set
FN:11,clear
FN:15,add
FN:21,subtract
FN:25,multiply
FN:29,divide
FNF:7
FNH:7
FNDA:9,Calculator
FNDA:6,set
FNDA:1,clear
FNDA:1,add
FNDA:1,subtract
FNDA:1,multiply
FNDA:3,divide
DA:1,1
DA:2,1
DA:3,1
DA:4,9
DA:5,9
DA:6,1
DA:7,1
DA:8,6
DA:9,6
DA:10,1
DA:11,1
DA:12,1
DA:13,1
DA:14,1
DA:15,1
DA:16,1
DA:17,1
DA:18,1
DA:19,1
DA:20,1
DA:21,1
DA:22,1
DA:23,1
DA:24,1
DA:25,1
DA:26,1
DA:27,1
DA:28,1
DA:29,1
DA:30,3
DA:31,3
DA:32,1
DA:33,1
DA:34,1
LF:34
LH:34
BRDA:3,0,0,9
BRDA:7,1,0,6
BRDA:11,2,0,1
BRDA:15,3,0,1
BRDA:21,4,0,1
BRDA:25,5,0,1
BRDA:29,6,0,3
BRF:7
BRH:7
end_of_record
TN:
SF:src\request\request.ts
FN:6,UserRequest
FN:11,get
FN:15,post
FN:23,put
FN:31,patch
FN:39,delete
FNF:6
FNH:0
FNDA:0,UserRequest
FNDA:0,get
FNDA:0,post
FNDA:0,put
FNDA:0,patch
FNDA:0,delete
DA:1,1
DA:2,1
DA:3,1
DA:4,1
DA:5,1
DA:6,1
DA:7,0
DA:8,0
DA:9,0
DA:10,1
DA:11,1
DA:12,0
DA:13,0
DA:14,0
DA:15,1
DA:16,0
DA:17,0
DA:18,0
DA:19,0
DA:20,0
DA:21,0
DA:22,0
DA:23,1
DA:24,0
DA:25,0
DA:26,0
DA:27,0
DA:28,0
DA:29,0
DA:30,0
DA:31,1
DA:32,0
DA:33,0
DA:34,0
DA:35,0
DA:36,0
DA:37,0
DA:38,0
DA:39,1
DA:40,0
DA:41,0
DA:42,0
DA:43,0
DA:44,0
DA:45,0
DA:46,0
DA:47,1
DA:48,1
DA:49,1
LF:49
LH:15
BRF:0
BRH:0
end_of_record
TN:
SF:src\storage\local.ts
FN:3,LocalStorage
FN:7,getItem
FN:11,setItem
FN:15,removeItem
FN:19,clear
FNF:5
FNH:5
FNDA:5,LocalStorage
FNDA:3,getItem
FNDA:5,setItem
FNDA:1,removeItem
FNDA:1,clear
DA:1,1
DA:2,1
DA:3,1
DA:4,5
DA:5,5
DA:6,1
DA:7,1
DA:8,3
DA:9,3
DA:10,1
DA:11,1
DA:12,5
DA:13,5
DA:14,1
DA:15,1
DA:16,1
DA:17,1
DA:18,1
DA:19,1
DA:20,1
DA:21,1
DA:22,1
DA:23,1
DA:24,1
LF:24
LH:24
BRDA:3,0,0,5
BRDA:7,1,0,3
BRDA:8,2,0,1
BRDA:11,3,0,5
BRDA:15,4,0,1
BRDA:19,5,0,1
BRF:6
BRH:6
end_of_record
TN:
SF:src\storage\session.ts
FN:3,SessionStorage
FN:7,getItem
FN:11,setItem
FN:15,removeItem
FN:19,clear
FNF:5
FNH:5
FNDA:5,SessionStorage
FNDA:3,getItem
FNDA:5,setItem
FNDA:1,removeItem
FNDA:1,clear
DA:1,1
DA:2,1
DA:3,1
DA:4,5
DA:5,5
DA:6,1
DA:7,1
DA:8,3
DA:9,3
DA:10,1
DA:11,1
DA:12,5
DA:13,5
DA:14,1
DA:15,1
DA:16,1
DA:17,1
DA:18,1
DA:19,1
DA:20,1
DA:21,1
DA:22,1
DA:23,1
DA:24,1
LF:24
LH:24
BRDA:3,0,0,5
BRDA:7,1,0,3
BRDA:8,2,0,1
BRDA:11,3,0,5
BRDA:15,4,0,1
BRDA:19,5,0,1
BRF:6
BRH:6
end_of_record
