TN:
SF:src\calculator.ts
FN:3,Calculator
FN:7,set
FN:11,clear
FN:15,add
FN:21,subtract
FN:25,multiply
FN:29,divide
FNF:7
FNH:7
FNDA:9,Calculator
FNDA:6,set
FNDA:1,clear
FNDA:1,add
FNDA:1,subtract
FNDA:1,multiply
FNDA:3,divide
DA:1,1
DA:2,1
DA:3,1
DA:4,9
DA:5,9
DA:6,1
DA:7,1
DA:8,6
DA:9,6
DA:10,1
DA:11,1
DA:12,1
DA:13,1
DA:14,1
DA:15,1
DA:16,1
DA:17,1
DA:18,1
DA:19,1
DA:20,1
DA:21,1
DA:22,1
DA:23,1
DA:24,1
DA:25,1
DA:26,1
DA:27,1
DA:28,1
DA:29,1
DA:30,3
DA:31,3
DA:32,1
DA:33,1
DA:34,1
LF:34
LH:34
BRDA:3,0,0,9
BRDA:7,1,0,6
BRDA:11,2,0,1
BRDA:15,3,0,1
BRDA:21,4,0,1
BRDA:25,5,0,1
BRDA:29,6,0,3
BRF:7
BRH:7
end_of_record
